>>>> 1 - 2
Traceback (most recent call last):
  File "run_experiment.py", line 86, in <module>
    for base_delay in range(base_delay_start,51):
TypeError: 'str' object cannot be interpreted as an integer
>>>> 1 - 2
Traceback (most recent call last):
  File "run_experiment.py", line 86, in <module>
    for base_delay in range(base_delay_start,51):
TypeError: 'str' object cannot be interpreted as an integer
>>>> 1 - 2
Traceback (most recent call last):
  File "run_experiment.py", line 86, in <module>
    for base_delay in range(base_delay_start,51):
TypeError: 'str' object cannot be interpreted as an integer
>>>> 1 - 2
Traceback (most recent call last):
  File "run_experiment.py", line 86, in <module>
    for base_delay in range(base_delay_start,51):
TypeError: 'str' object cannot be interpreted as an integer
waiting for server signal...
experiment progress: 0% experiment progress: 0% experiment progress: 0% experiment progress: 0% experiment progress: 0% experiment progress: 0% experiment progress: 1% experiment progress: 1% experiment progress: 1% experiment progress: 1% experiment progress: 1% experiment progress: 1% experiment progress: 1% experiment progress: 1% experiment progress: 2% experiment progress: 2% experiment progress: 2% experiment progress: 2% experiment progress: 2% experiment progress: 2% experiment progress: 2% experiment progress: 2% experiment progress: 3% experiment progress: 3% experiment progress: 3% experiment progress: 3% experiment progress: 3% experiment progress: 3% experiment progress: 3% experiment progress: 4% experiment progress: 4% experiment progress: 4% experiment progress: 4% experiment progress: 4% experiment progress: 5% experiment progress: 5% experiment progress: 5% experiment progress: 5% experiment progress: 5% experiment progress: 5% experiment progress: 5% experiment progress: 5% experiment progress: 5% experiment progress: 5% experiment progress: 6% experiment progress: 6% experiment progress: 6% experiment progress: 6% experiment progress: 6% experiment progress: 6% experiment progress: 6% experiment progress: 7% experiment progress: 7% experiment progress: 7% experiment progress: 7% experiment progress: 7% experiment progress: 7% experiment progress: 7% experiment progress: 8% experiment progress: 8% experiment progress: 8% experiment progress: 8% experiment progress: 8% experiment progress: 9% experiment progress: 9% experiment progress: 9% experiment progress: 9% experiment progress: 9% experiment progress: 9% experiment progress: 9% experiment progress: 9% experiment progress: 9% experiment progress: 9% experiment progress: 10% experiment progress: 10% experiment progress: 10% experiment progress: 10% experiment progress: 10% experiment progress: 10% experiment progress: 10% experiment progress: 10% experiment progress: 10% experiment progress: 10% experiment progress: 10% experiment progress: 10% experiment progress: 11% experiment progress: 11% experiment progress: 11% experiment progress: 11% experiment progress: 11% experiment progress: 11% experiment progress: 11% experiment progress: 11% experiment progress: 12% experiment progress: 12% experiment progress: 12% experiment progress: 12% experiment progress: 12% experiment progress: 12% experiment progress: 12% experiment progress: 13% experiment progress: 13% experiment progress: 13% experiment progress: 13% experiment progress: 13% experiment progress: 13% experiment progress: 14% experiment progress: 14% experiment progress: 14% experiment progress: 14% experiment progress: 14% experiment progress: 14% experiment progress: 14% experiment progress: 14% experiment progress: 15% experiment progress: 15% experiment progress: 15% experiment progress: 15% experiment progress: 15% experiment progress: 15% experiment progress: 15% experiment progress: 15% experiment progress: 15% experiment progress: 15% experiment progress: 16% experiment progress: 16% experiment progress: 16% experiment progress: 16% experiment progress: 16% experiment progress: 16% experiment progress: 16% experiment progress: 16% experiment progress: 16% experiment progress: 16% experiment progress: 17% experiment progress: 17% experiment progress: 17% experiment progress: 17% experiment progress: 17% experiment progress: 17% experiment progress: 17% experiment progress: 17% experiment progress: 18% experiment progress: 18% experiment progress: 18% experiment progress: 18% experiment progress: 18% experiment progress: 18% experiment progress: 18% experiment progress: 18% experiment progress: 18% experiment progress: 18% experiment progress: 18% experiment progress: 18% experiment progress: 18% experiment progress: 19% experiment progress: 19% experiment progress: 19% experiment progress: 19% experiment progress: 19% experiment progress: 19% experiment progress: 19% experiment progress: 19% experiment progress: 19% experiment progress: 20% experiment progress: 20% experiment progress: 20% experiment progress: 20% experiment progress: 20% experiment progress: 20% experiment progress: 20% experiment progress: 20% experiment progress: 20% experiment progress: 21% experiment progress: 21% experiment progress: 21% experiment progress: 21% experiment progress: 21% experiment progress: 21% experiment progress: 21% experiment progress: 21% experiment progress: 21% experiment progress: 21% experiment progress: 21% experiment progress: 21% experiment progress: 22% experiment progress: 22% experiment progress: 22% experiment progress: 22% experiment progress: 22% experiment progress: 22% experiment progress: 23% experiment progress: 23% experiment progress: 23% experiment progress: 23% experiment progress: 23% experiment progress: 23% experiment progress: 23% experiment progress: 24% experiment progress: 24% experiment progress: 24% experiment progress: 24% experiment progress: 24% experiment progress: 24% experiment progress: 25% experiment progress: 25% experiment progress: 25% experiment progress: 26% experiment progress: 26% experiment progress: 26% experiment progress: 26% experiment progress: 26% experiment progress: 26% experiment progress: 26% experiment progress: 26% experiment progress: 27% experiment progress: 27% experiment progress: 27% experiment progress: 27% experiment progress: 27% experiment progress: 27% experiment progress: 27% experiment progress: 27% experiment progress: 27% experiment progress: 28% experiment progress: 28% experiment progress: 28% experiment progress: 28% experiment progress: 28% experiment progress: 28% experiment progress: 28% experiment progress: 28% experiment progress: 28% experiment progress: 28% experiment progress: 28% experiment progress: 28% experiment progress: 28% experiment progress: 29% experiment progress: 29% experiment progress: 29% experiment progress: 29% experiment progress: 29% experiment progress: 29% experiment progress: 29% experiment progress: 29% experiment progress: 29% experiment progress: 29% experiment progress: 30% experiment progress: 30% experiment progress: 30% experiment progress: 30% experiment progress: 30% experiment progress: 30% experiment progress: 30% experiment progress: 30% experiment progress: 31% experiment progress: 31% experiment progress: 31% experiment progress: 31% experiment progress: 31% experiment progress: 31% experiment progress: 31% experiment progress: 31% experiment progress: 31% experiment progress: 31% experiment progress: 31% experiment progress: 32% experiment progress: 32% experiment progress: 32% experiment progress: 32% experiment progress: 32% experiment progress: 32% experiment progress: 32% experiment progress: 32% experiment progress: 32% experiment progress: 32% experiment progress: 33% experiment progress: 33% experiment progress: 33% experiment progress: 33% experiment progress: 33% experiment progress: 33% experiment progress: 33% experiment progress: 33% experiment progress: 34% experiment progress: 34% experiment progress: 34% experiment progress: 34% experiment progress: 34% experiment progress: 34% experiment progress: 34% experiment progress: 34% experiment progress: 34% experiment progress: 34% experiment progress: 35% experiment progress: 35% experiment progress: 35% experiment progress: 35% experiment progress: 35% experiment progress: 35% experiment progress: 35% experiment progress: 35% experiment progress: 35% experiment progress: 36% experiment progress: 36% experiment progress: 36% experiment progress: 36% experiment progress: 36% experiment progress: 36% experiment progress: 37% experiment progress: 37% experiment progress: 37% experiment progress: 37% experiment progress: 37% experiment progress: 38% experiment progress: 38% experiment progress: 38% experiment progress: 38% experiment progress: 38% experiment progress: 38% experiment progress: 38% experiment progress: 38% experiment progress: 38% experiment progress: 38% experiment progress: 39% experiment progress: 39% experiment progress: 39% experiment progress: 39% experiment progress: 39% experiment progress: 39% experiment progress: 39% experiment progress: 39% experiment progress: 40% experiment progress: 40% experiment progress: 40% experiment progress: 40% experiment progress: 40% experiment progress: 40% experiment progress: 40% experiment progress: 40% experiment progress: 40% experiment progress: 41% experiment progress: 41% experiment progress: 41% experiment progress: 41% experiment progress: 41% experiment progress: 41% experiment progress: 41% experiment progress: 41% experiment progress: 41% experiment progress: 42% experiment progress: 42% experiment progress: 42% experiment progress: 42% experiment progress: 42% experiment progress: 42% experiment progress: 42% experiment progress: 42% experiment progress: 42% experiment progress: 42% experiment progress: 42% experiment progress: 42% experiment progress: 42% experiment progress: 42% experiment progress: 42% experiment progress: 42% experiment progress: 42% experiment progress: 42% experiment progress: 43% experiment progress: 43% experiment progress: 43% experiment progress: 43% experiment progress: 43% experiment progress: 43% experiment progress: 43% experiment progress: 43% experiment progress: 43% experiment progress: 44% experiment progress: 44% experiment progress: 44% experiment progress: 44% experiment progress: 44% experiment progress: 44% experiment progress: 44% experiment progress: 44% experiment progress: 44% experiment progress: 44% experiment progress: 45% experiment progress: 45% experiment progress: 45% experiment progress: 45% experiment progress: 45% experiment progress: 45% experiment progress: 45% experiment progress: 45% experiment progress: 45% experiment progress: 45% experiment progress: 46% experiment progress: 46% experiment progress: 46% experiment progress: 46% experiment progress: 46% experiment progress: 46% experiment progress: 46% experiment progress: 46% experiment progress: 47% experiment progress: 47% experiment progress: 47% experiment progress: 47% experiment progress: 47% experiment progress: 47% experiment progress: 47% experiment progress: 47% experiment progress: 47% experiment progress: 47% experiment progress: 48% experiment progress: 48% experiment progress: 48% experiment progress: 48% experiment progress: 48% experiment progress: 48% experiment progress: 48% experiment progress: 48% experiment progress: 48% experiment progress: 48% experiment progress: 49% experiment progress: 49% experiment progress: 49% experiment progress: 49% experiment progress: 49% experiment progress: 49% experiment progress: 49% experiment progress: 50% experiment progress: 50% experiment progress: 50% experiment progress: 50% experiment progress: 50% experiment progress: 50% experiment progress: 50% experiment progress: 50% experiment progress: 50% experiment progress: 51% experiment progress: 51% experiment progress: 51% experiment progress: 51% experiment progress: 51% experiment progress: 51% experiment progress: 51% experiment progress: 51% experiment progress: 51% experiment progress: 51% experiment progress: 51% experiment progress: 51% experiment progress: 52% experiment progress: 52% experiment progress: 52% experiment progress: 52% experiment progress: 52% experiment progress: 52% experiment progress: 52% experiment progress: 52% experiment progress: 52% experiment progress: 53% experiment progress: 53% experiment progress: 53% experiment progress: 53% experiment progress: 53% experiment progress: 53% experiment progress: 53% experiment progress: 53% experiment progress: 53% experiment progress: 54% experiment progress: 54% experiment progress: 54% experiment progress: 54% experiment progress: 54% experiment progress: 54% experiment progress: 54% experiment progress: 55% experiment progress: 55% experiment progress: 55% experiment progress: 55% experiment progress: 55% experiment progress: 55% experiment progress: 55% experiment progress: 55% experiment progress: 55% experiment progress: 56% experiment progress: 56% experiment progress: 56% experiment progress: 56% experiment progress: 56% experiment progress: 56% experiment progress: 56% experiment progress: 56% experiment progress: 57% experiment progress: 57% experiment progress: 57% experiment progress: 57% experiment progress: 57% experiment progress: 57% experiment progress: 57% experiment progress: 57% experiment progress: 57% experiment progress: 57% experiment progress: 58% experiment progress: 58% experiment progress: 58% experiment progress: 58% experiment progress: 58% experiment progress: 58% experiment progress: 58% experiment progress: 58% experiment progress: 58% experiment progress: 58% experiment progress: 58% experiment progress: 58% experiment progress: 58% experiment progress: 58% experiment progress: 58% experiment progress: 59% experiment progress: 59% experiment progress: 59% experiment progress: 59% experiment progress: 59% experiment progress: 59% experiment progress: 59% bind  ('100.64.0.4', 9990)
start control service
Motor client 001 from ['172.30.38.194', 9992] connected, target_omega: 314.16
Traceback (most recent call last):
  File "motorServer.py", line 153, in <module>
    time.sleep(1)
KeyboardInterrupt
Traceback (most recent call last):
  File "motorClient.py", line 132, in <module>
    motorClient.start()
  File "motorClient.py", line 51, in start
    time.sleep(self.control_interval/1000)
KeyboardInterrupt
base_delay: 1ms and control_interval: 1ms
starting ...
experiment start success
Traceback (most recent call last):
  File "/usr/lib/python3.8/subprocess.py", line 1083, in wait
    return self._wait(timeout=timeout)
  File "/usr/lib/python3.8/subprocess.py", line 1806, in _wait
    (pid, sts) = self._try_wait(0)
  File "/usr/lib/python3.8/subprocess.py", line 1764, in _try_wait
    (pid, sts) = os.waitpid(self.pid, wait_flags)
KeyboardInterrupt

During handling of the above exception, another exception occurred:

Traceback (most recent call last):
  File "run_experiment.py", line 91, in <module>
    run_experiment(base_delay, use_trace, trace_file, control_interval)
  File "run_experiment.py", line 49, in run_experiment
    server.wait()
  File "/usr/lib/python3.8/subprocess.py", line 1096, in wait
    self._wait(timeout=sigint_timeout)
  File "/usr/lib/python3.8/subprocess.py", line 1800, in _wait
    time.sleep(delay)
KeyboardInterrupt
